<?xml version="1.0" encoding="UTF-8"?>
<testng-results ignored="0" total="1" passed="1" failed="0" skipped="0">
  <reporter-output>
    <line>
      <![CDATA[---db connection successful---]]>
    </line>
    <line>
      <![CDATA[---db connection closed successfully---]]>
    </line>
  </reporter-output>
  <suite started-at="2022-07-11T17:12:13 IST" name="Suite" finished-at="2022-07-11T17:12:15 IST" duration-ms="1581">
    <groups>
    </groups>
    <test started-at="2022-07-11T17:12:13 IST" name="Test" finished-at="2022-07-11T17:12:15 IST" duration-ms="1581">
      <class name="EndToEndScenario.CreateProjectGetAndVerifyInDB">
        <test-method is-config="true" signature="bsConfig()[pri:0, instance:EndToEndScenario.CreateProjectGetAndVerifyInDB@bd4dc25]" started-at="2022-07-11T17:12:12 IST" name="bsConfig" finished-at="2022-07-11T17:12:13 IST" duration-ms="939" status="PASS">
          <reporter-output>
            <line>
              <![CDATA[---db connection successful---]]>
            </line>
          </reporter-output>
        </test-method> <!-- bsConfig -->
        <test-method signature="createP()[pri:0, instance:EndToEndScenario.CreateProjectGetAndVerifyInDB@bd4dc25]" started-at="2022-07-11T17:12:13 IST" name="createP" finished-at="2022-07-11T17:12:15 IST" duration-ms="1561" status="PASS">
          <reporter-output>
          </reporter-output>
        </test-method> <!-- createP -->
        <test-method is-config="true" signature="asConfig()[pri:0, instance:EndToEndScenario.CreateProjectGetAndVerifyInDB@bd4dc25]" started-at="2022-07-11T17:12:15 IST" name="asConfig" finished-at="2022-07-11T17:12:15 IST" duration-ms="5" status="PASS">
          <reporter-output>
            <line>
              <![CDATA[---db connection closed successfully---]]>
            </line>
          </reporter-output>
        </test-method> <!-- asConfig -->
      </class> <!-- EndToEndScenario.CreateProjectGetAndVerifyInDB -->
    </test> <!-- Test -->
  </suite> <!-- Suite -->
</testng-results>
